C:\Calculations\Tribometer_SVN\tribometr\webapp\dist\app\services\validators.js
C:\Calculations\Tribometer_SVN\tribometr\webapp\dist\app\services\validators.js.map
C:\Calculations\Tribometer_SVN\tribometr\webapp\dist\app\components\settings\settings.component.js
C:\Calculations\Tribometer_SVN\tribometr\webapp\dist\app\components\settings\settings.component.js.map
C:\Calculations\Tribometer_SVN\tribometr\webapp\dist\app\components\settings\settings-form\settings-form.component.js
C:\Calculations\Tribometer_SVN\tribometr\webapp\dist\app\components\settings\settings-form\settings-form.component.js.map
C:\Calculations\Tribometer_SVN\tribometr\webapp\dist\app\services\socket.service.js
C:\Calculations\Tribometer_SVN\tribometr\webapp\dist\app\services\socket.service.js.map
C:\Calculations\Tribometer_SVN\tribometr\webapp\dist\app\services\sygnals.service.js
C:\Calculations\Tribometer_SVN\tribometr\webapp\dist\app\services\sygnals.service.js.map
C:\Calculations\Tribometer_SVN\tribometr\webapp\dist\app\services\chart.service.js
C:\Calculations\Tribometer_SVN\tribometr\webapp\dist\app\services\chart.service.js.map
C:\Calculations\Tribometer_SVN\tribometr\webapp\dist\app\components\workshop\workshop.component.js
C:\Calculations\Tribometer_SVN\tribometr\webapp\dist\app\components\workshop\workshop.component.js.map
C:\Calculations\Tribometer_SVN\tribometr\webapp\dist\app\components\not-found\not-found.component.js
C:\Calculations\Tribometer_SVN\tribometr\webapp\dist\app\components\not-found\not-found.component.js.map
C:\Calculations\Tribometer_SVN\tribometr\webapp\dist\app\components\calibr-curve\calibr-curve.component.js
C:\Calculations\Tribometer_SVN\tribometr\webapp\dist\app\components\calibr-curve\calibr-curve.component.js.map
C:\Calculations\Tribometer_SVN\tribometr\webapp\dist\app\components\trib-controls\trib-controls.component.js
C:\Calculations\Tribometer_SVN\tribometr\webapp\dist\app\components\trib-controls\trib-controls.component.js.map
C:\Calculations\Tribometer_SVN\tribometr\webapp\dist\app\app-routing.module.js
C:\Calculations\Tribometer_SVN\tribometr\webapp\dist\app\app-routing.module.js.map
C:\Calculations\Tribometer_SVN\tribometr\webapp\dist\app\app.component.js
C:\Calculations\Tribometer_SVN\tribometr\webapp\dist\app\app.component.js.map
C:\Calculations\Tribometer_SVN\tribometr\webapp\dist\app\components\navbar\navbar.component.js
C:\Calculations\Tribometer_SVN\tribometr\webapp\dist\app\components\navbar\navbar.component.js.map
C:\Calculations\Tribometer_SVN\tribometr\webapp\dist\app\components\show-errors.component.js
C:\Calculations\Tribometer_SVN\tribometr\webapp\dist\app\components\show-errors.component.js.map
C:\Calculations\Tribometer_SVN\tribometr\webapp\dist\app\components\controls\tabulator-table\tabulator-table.component.js
C:\Calculations\Tribometer_SVN\tribometr\webapp\dist\app\components\controls\tabulator-table\tabulator-table.component.js.map
C:\Calculations\Tribometer_SVN\tribometr\webapp\dist\app\app.module.js
C:\Calculations\Tribometer_SVN\tribometr\webapp\dist\app\app.module.js.map
C:\Calculations\Tribometer_SVN\tribometr\webapp\dist\environments\environment.js
C:\Calculations\Tribometer_SVN\tribometr\webapp\dist\environments\environment.js.map
C:\Calculations\Tribometer_SVN\tribometr\webapp\dist\main.js
C:\Calculations\Tribometer_SVN\tribometr\webapp\dist\main.js.map
C:\Calculations\Tribometer_SVN\tribometr\webapp\dist\polyfills.js
C:\Calculations\Tribometer_SVN\tribometr\webapp\dist\polyfills.js.map
C:\Calculations\Tribometer_SVN\tribometr\webapp\dist\test.js
C:\Calculations\Tribometer_SVN\tribometr\webapp\dist\test.js.map
C:\Calculations\Tribometer_SVN\tribometr\webapp\dist\app\app.component.spec.js
C:\Calculations\Tribometer_SVN\tribometr\webapp\dist\app\app.component.spec.js.map
C:\Calculations\Tribometer_SVN\tribometr\webapp\dist\app\components\calibr-curve\calibr-curve.component.spec.js
C:\Calculations\Tribometer_SVN\tribometr\webapp\dist\app\components\calibr-curve\calibr-curve.component.spec.js.map
C:\Calculations\Tribometer_SVN\tribometr\webapp\dist\app\components\controls\tabulator-table\tabulator-table.component.spec.js
C:\Calculations\Tribometer_SVN\tribometr\webapp\dist\app\components\controls\tabulator-table\tabulator-table.component.spec.js.map
C:\Calculations\Tribometer_SVN\tribometr\webapp\dist\app\components\navbar\navbar.component.spec.js
C:\Calculations\Tribometer_SVN\tribometr\webapp\dist\app\components\navbar\navbar.component.spec.js.map
C:\Calculations\Tribometer_SVN\tribometr\webapp\dist\app\components\settings\settings.component.spec.js
C:\Calculations\Tribometer_SVN\tribometr\webapp\dist\app\components\settings\settings.component.spec.js.map
C:\Calculations\Tribometer_SVN\tribometr\webapp\dist\app\components\settings\settings-form\settings-form.component.spec.js
C:\Calculations\Tribometer_SVN\tribometr\webapp\dist\app\components\settings\settings-form\settings-form.component.spec.js.map
C:\Calculations\Tribometer_SVN\tribometr\webapp\dist\app\components\workshop\workshop.component.spec.js
C:\Calculations\Tribometer_SVN\tribometr\webapp\dist\app\components\workshop\workshop.component.spec.js.map
C:\Calculations\Tribometer_SVN\tribometr\webapp\dist\app\services\socket.service.spec.js
C:\Calculations\Tribometer_SVN\tribometr\webapp\dist\app\services\socket.service.spec.js.map
C:\Calculations\Tribometer_SVN\tribometr\webapp\dist\app\services\sygnals.service.spec.js
C:\Calculations\Tribometer_SVN\tribometr\webapp\dist\app\services\sygnals.service.spec.js.map
C:\Calculations\Tribometer_SVN\tribometr\webapp\dist\environments\environment.prod.js
C:\Calculations\Tribometer_SVN\tribometr\webapp\dist\environments\environment.prod.js.map
